#
# There is insufficient memory for the Java Runtime Environment to continue.
# Native memory allocation (malloc) failed to allocate 1272976 bytes for Chunk::new
# Possible reasons:
#   The system is out of physical RAM or swap space
#   The process is running with CompressedOops enabled, and the Java Heap may be blocking the growth of the native heap
# Possible solutions:
#   Reduce memory load on the system
#   Increase physical memory or swap space
#   Check if swap backing store is full
#   Decrease Java heap size (-Xmx/-Xms)
#   Decrease number of Java threads
#   Decrease Java thread stack sizes (-Xss)
#   Set larger code cache with -XX:ReservedCodeCacheSize=
#   JVM is running with Unscaled Compressed Oops mode in which the Java heap is
#     placed in the first 4GB address space. The Java Heap base address is the
#     maximum limit for the native heap growth. Please use -XX:HeapBaseMinAddress
#     to set the Java Heap base and to place the Java Heap above 4GB virtual address.
# This output file may be truncated or incomplete.
#
#  Out of Memory Error (./src/hotspot/share/memory/arena.cpp:197), pid=17532, tid=2544
#
# JRE version: OpenJDK Runtime Environment (11.0.11+9) (build 11.0.11+9-b60-7590822)
# Java VM: OpenJDK 64-Bit Server VM (11.0.11+9-b60-7590822, mixed mode, tiered, compressed oops, g1 gc, windows-amd64)
# No core dump will be written. Minidumps are not enabled by default on client versions of Windows
#

---------------  S U M M A R Y ------------

Command Line: --add-opens=java.base/java.util=ALL-UNNAMED --add-opens=java.base/java.lang=ALL-UNNAMED --add-opens=java.base/java.lang.invoke=ALL-UNNAMED --add-opens=java.base/java.util=ALL-UNNAMED --add-opens=java.prefs/java.util.prefs=ALL-UNNAMED --add-opens=java.prefs/java.util.prefs=ALL-UNNAMED --add-opens=java.base/java.nio.charset=ALL-UNNAMED --add-opens=java.base/java.net=ALL-UNNAMED --add-opens=java.base/java.util.concurrent.atomic=ALL-UNNAMED -Xmx2048m -Dfile.encoding=UTF-8 -Duser.country=IN -Duser.language=en -Duser.variant org.gradle.launcher.daemon.bootstrap.GradleDaemon 7.2

Host: AMD Ryzen 5 5500U with Radeon Graphics         , 12 cores, 7G,  Windows 10 , 64 bit Build 19041 (10.0.19041.1566)
Time: Mon Apr  4 09:37:32 2022 India Standard Time elapsed time: 7.922200 seconds (0d 0h 0m 7s)

---------------  T H R E A D  ---------------

Current thread (0x000002419bc07000):  JavaThread "C2 CompilerThread0" daemon [_thread_in_native, id=2544, stack(0x0000005942300000,0x0000005942400000)]


Current CompileTask:
C2:   7922 5233       4       org.codehaus.groovy.reflection.CachedMethod::compareToCachedMethod (160 bytes)

Stack: [0x0000005942300000,0x0000005942400000]
Native frames: (J=compiled Java code, j=interpreted, Vv=VM code, C=native code)
V  [jvm.dll+0x5f214a]
V  [jvm.dll+0x726fb5]
V  [jvm.dll+0x7285cd]
V  [jvm.dll+0x728c83]
V  [jvm.dll+0x243278]
V  [jvm.dll+0xbc53c]
V  [jvm.dll+0xbca3c]
V  [jvm.dll+0x353e7d]
V  [jvm.dll+0x321893]
V  [jvm.dll+0x320d8a]
V  [jvm.dll+0x1fc1e2]
V  [jvm.dll+0x1fb3d4]
V  [jvm.dll+0x183d6c]
V  [jvm.dll+0x209a57]
V  [jvm.dll+0x2082a1]
V  [jvm.dll+0x6ef58f]
V  [jvm.dll+0x6e80b5]
V  [jvm.dll+0x5f1036]
C  [ucrtbase.dll+0x21bb2]
C  [KERNEL32.DLL+0x17034]
C  [ntdll.dll+0x52651]


---------------  P R O C E S S  ---------------

Threads class SMR info:
_java_thread_list=0x00000241a2b0b750, length=165, elements={
0x00000241ffe5e800, 0x000002419bbe3000, 0x000002419bbf0800, 0x000002419bc02000,
0x000002419bc02800, 0x000002419bc04800, 0x000002419bc07000, 0x000002419bc0a000,
0x000002419bc15000, 0x000002419c6db000, 0x000002419e918800, 0x000002419dc01800,
0x000002419cd97800, 0x000002419e06c000, 0x000002419dec7800, 0x000002419e4b1800,
0x000002419d363000, 0x000002419dff7800, 0x000002419e6bd800, 0x000002419ec08000,
0x000002419ec05800, 0x000002419ec02800, 0x000002419ec03000, 0x000002419ec04000,
0x000002419ec06800, 0x000002419ec04800, 0x000002419ec07000, 0x000002419ec09000,
0x000002419eed9000, 0x000002419eed6800, 0x000002419eed7800, 0x000002419eed8000,
0x000002419eed4000, 0x000002419eeda800, 0x000002419eed5000, 0x000002419eedc000,
0x000002419eede800, 0x000002419eedf800, 0x000002419eee0800, 0x000002419eedd000,
0x000002419eede000, 0x000002419eee1000, 0x000002419eedb800, 0x000002419eee2000,
0x000002419eee2800, 0x00000241a11fa000, 0x00000241a11fc000, 0x00000241a11fb000,
0x00000241a11fe800, 0x00000241a11fc800, 0x00000241a11fd800, 0x00000241a11f8800,
0x00000241a11ff000, 0x00000241a11f9800, 0x00000241a1200000, 0x00000241a1201000,
0x00000241a1204000, 0x00000241a1205000, 0x00000241a1203000, 0x00000241a1207800,
0x00000241a1205800, 0x00000241a1202800, 0x00000241a1206800, 0x00000241a1201800,
0x00000241a2568800, 0x00000241a256a000, 0x00000241a2566000, 0x00000241a2567000,
0x00000241a2569800, 0x00000241a256b000, 0x00000241a2565800, 0x00000241a256c000,
0x00000241a256c800, 0x00000241a256d800, 0x00000241a2567800, 0x00000241a2574000,
0x00000241a256f000, 0x00000241a256e800, 0x00000241a2570000, 0x00000241a2570800,
0x00000241a2571800, 0x00000241a2572800, 0x00000241a2573000, 0x00000241a2772000,
0x00000241a2770000, 0x00000241a2774800, 0x00000241a2776000, 0x00000241a2772800,
0x00000241a2775000, 0x00000241a2776800, 0x00000241a2771000, 0x00000241a2777800,
0x00000241a2779000, 0x00000241a2778800, 0x00000241a2773800, 0x00000241a277b800,
0x00000241a277c800, 0x00000241a277d800, 0x00000241a277e000, 0x00000241a277a000,
0x00000241a277f000, 0x00000241a277b000, 0x00000241a0916800, 0x00000241a0914000,
0x00000241a0917800, 0x00000241a0911800, 0x00000241a0918000, 0x00000241a0915000,
0x00000241a0912800, 0x00000241a0915800, 0x00000241a0919000, 0x00000241a0913000,
0x00000241a091b800, 0x00000241a091a000, 0x00000241a091d000, 0x00000241a091f800,
0x00000241a0920800, 0x00000241a091a800, 0x00000241a091c000, 0x00000241a091e000,
0x00000241a091e800, 0x00000241a0947800, 0x00000241a0942000, 0x00000241a0942800,
0x00000241a0947000, 0x00000241a0945000, 0x00000241a0946000, 0x00000241a0948800,
0x00000241a0944800, 0x00000241a0949000, 0x00000241a0943800, 0x00000241a094c800,
0x00000241a094b000, 0x00000241a094b800, 0x00000241a094d800, 0x00000241a094e000,
0x00000241a094f000, 0x00000241a0950000, 0x00000241a094a000, 0x00000241a0950800,
0x00000241a262d000, 0x00000241a262a000, 0x00000241a262f000, 0x00000241a262c800,
0x00000241a262f800, 0x00000241a262e000, 0x00000241a262a800, 0x00000241a2630800,
0x00000241a2631800, 0x00000241a262b800, 0x00000241a2636000, 0x00000241a2632000,
0x00000241a2638000, 0x00000241a2637000, 0x00000241a2634800, 0x00000241a2638800,
0x00000241a2635800, 0x00000241a2633000, 0x00000241a2633800, 0x00000241a258f800,
0x00000241a2591800, 0x00000241a258e000, 0x00000241a258d800, 0x00000241a2594800,
0x00000241a258f000
}

Java Threads: ( => current thread )
  0x00000241ffe5e800 JavaThread "main" [_thread_blocked, id=13060, stack(0x0000005941700000,0x0000005941800000)]
  0x000002419bbe3000 JavaThread "Reference Handler" daemon [_thread_blocked, id=7576, stack(0x0000005941e00000,0x0000005941f00000)]
  0x000002419bbf0800 JavaThread "Finalizer" daemon [_thread_blocked, id=18688, stack(0x0000005941f00000,0x0000005942000000)]
  0x000002419bc02000 JavaThread "Signal Dispatcher" daemon [_thread_blocked, id=17968, stack(0x0000005942000000,0x0000005942100000)]
  0x000002419bc02800 JavaThread "Attach Listener" daemon [_thread_blocked, id=14524, stack(0x0000005942100000,0x0000005942200000)]
  0x000002419bc04800 JavaThread "Service Thread" daemon [_thread_blocked, id=20780, stack(0x0000005942200000,0x0000005942300000)]
=>0x000002419bc07000 JavaThread "C2 CompilerThread0" daemon [_thread_in_native, id=2544, stack(0x0000005942300000,0x0000005942400000)]
  0x000002419bc0a000 JavaThread "C1 CompilerThread0" daemon [_thread_blocked, id=17964, stack(0x0000005942400000,0x0000005942500000)]
  0x000002419bc15000 JavaThread "Sweeper thread" daemon [_thread_blocked, id=4460, stack(0x0000005942500000,0x0000005942600000)]
  0x000002419c6db000 JavaThread "Common-Cleaner" daemon [_thread_blocked, id=16332, stack(0x0000005942600000,0x0000005942700000)]
  0x000002419e918800 JavaThread "Daemon health stats" [_thread_blocked, id=480, stack(0x0000005942b00000,0x0000005942c00000)]
  0x000002419dc01800 JavaThread "Incoming local TCP Connector on port 63613" [_thread_in_native, id=9812, stack(0x0000005942800000,0x0000005942900000)]
  0x000002419cd97800 JavaThread "Daemon periodic checks" [_thread_blocked, id=3892, stack(0x0000005942900000,0x0000005942a00000)]
  0x000002419e06c000 JavaThread "Daemon" [_thread_blocked, id=18792, stack(0x0000005942c00000,0x0000005942d00000)]
  0x000002419dec7800 JavaThread "Handler for socket connection from /127.0.0.1:63613 to /127.0.0.1:63614" [_thread_in_native, id=13264, stack(0x0000005942d00000,0x0000005942e00000)]
  0x000002419e4b1800 JavaThread "Cancel handler" [_thread_blocked, id=1744, stack(0x0000005942e00000,0x0000005942f00000)]
  0x000002419d363000 JavaThread "Daemon worker" [_thread_in_native, id=18488, stack(0x0000005942f00000,0x0000005943000000)]
  0x000002419dff7800 JavaThread "Asynchronous log dispatcher for DefaultDaemonConnection: socket connection from /127.0.0.1:63613 to /127.0.0.1:63614" [_thread_blocked, id=14352, stack(0x0000005943000000,0x0000005943100000)]
  0x000002419e6bd800 JavaThread "Stdin handler" [_thread_blocked, id=9332, stack(0x0000005943100000,0x0000005943200000)]
  0x000002419ec08000 JavaThread "Daemon client event forwarder" [_thread_blocked, id=14688, stack(0x0000005943200000,0x0000005943300000)]
  0x000002419ec05800 JavaThread "Cache worker for journal cache (C:\Users\prath\.gradle\caches\journal-1)" [_thread_blocked, id=10812, stack(0x0000005943c00000,0x0000005943d00000)]
  0x000002419ec02800 JavaThread "File lock request listener" [_thread_in_native, id=19412, stack(0x0000005943d00000,0x0000005943e00000)]
  0x000002419ec03000 JavaThread "Cache worker for file hash cache (C:\Users\prath\.gradle\caches\7.2\fileHashes)" [_thread_blocked, id=17000, stack(0x0000005943e00000,0x0000005943f00000)]
  0x000002419ec04000 JavaThread "Cache worker for file hash cache (C:\Pratham Yadav\Apps\roomDatabase\.gradle\7.2\fileHashes)" [_thread_blocked, id=3172, stack(0x0000005944100000,0x0000005944200000)]
  0x000002419ec06800 JavaThread "File watcher server" daemon [_thread_in_native, id=18628, stack(0x0000005944200000,0x0000005944300000)]
  0x000002419ec04800 JavaThread "File watcher consumer" daemon [_thread_blocked, id=2852, stack(0x0000005944300000,0x0000005944400000)]
  0x000002419ec07000 JavaThread "Cache worker for checksums cache (C:\Pratham Yadav\Apps\roomDatabase\.gradle\checksums)" [_thread_blocked, id=8824, stack(0x0000005944400000,0x0000005944500000)]
  0x000002419ec09000 JavaThread "Cache worker for cache directory md-supplier (C:\Users\prath\.gradle\caches\7.2\md-supplier)" [_thread_blocked, id=16296, stack(0x0000005944500000,0x0000005944600000)]
  0x000002419eed9000 JavaThread "Cache worker for cache directory md-rule (C:\Users\prath\.gradle\caches\7.2\md-rule)" [_thread_blocked, id=1568, stack(0x0000005944600000,0x0000005944700000)]
  0x000002419eed6800 JavaThread "Cache worker for execution history cache (C:\Users\prath\.gradle\caches\7.2\executionHistory)" [_thread_blocked, id=14616, stack(0x0000005944700000,0x0000005944800000)]
  0x000002419eed7800 JavaThread "jar transforms" [_thread_blocked, id=4808, stack(0x0000005944800000,0x0000005944900000)]
  0x000002419eed8000 JavaThread "Cache worker for file content cache (C:\Users\prath\.gradle\caches\7.2\fileContent)" [_thread_blocked, id=17828, stack(0x0000005944900000,0x0000005944a00000)]
  0x000002419eed4000 JavaThread "jar transforms Thread 2" [_thread_blocked, id=8636, stack(0x0000005944a00000,0x0000005944b00000)]
  0x000002419eeda800 JavaThread "Cache worker for dependencies-accessors (C:\Pratham Yadav\Apps\roomDatabase\.gradle\7.2\dependencies-accessors)" [_thread_blocked, id=1768, stack(0x0000005944b00000,0x0000005944c00000)]
  0x000002419eed5000 JavaThread "jar transforms Thread 3" [_thread_blocked, id=21096, stack(0x0000005944c00000,0x0000005944d00000)]
  0x000002419eedc000 JavaThread "Cache worker for Build Output Cleanup Cache (C:\Pratham Yadav\Apps\roomDatabase\.gradle\buildOutputCleanup)" [_thread_blocked, id=18524, stack(0x0000005944d00000,0x0000005944e00000)]
  0x000002419eede800 JavaThread "Unconstrained build operations" [_thread_blocked, id=2288, stack(0x0000005944e00000,0x0000005944f00000)]
  0x000002419eedf800 JavaThread "Unconstrained build operations Thread 2" [_thread_blocked, id=13484, stack(0x0000005944f00000,0x0000005945000000)]
  0x000002419eee0800 JavaThread "Unconstrained build operations Thread 3" [_thread_blocked, id=21464, stack(0x0000005945000000,0x0000005945100000)]
  0x000002419eedd000 JavaThread "Unconstrained build operations Thread 4" [_thread_blocked, id=628, stack(0x0000005945100000,0x0000005945200000)]
  0x000002419eede000 JavaThread "Unconstrained build operations Thread 5" [_thread_blocked, id=19688, stack(0x0000005945200000,0x0000005945300000)]
  0x000002419eee1000 JavaThread "Unconstrained build operations Thread 6" [_thread_blocked, id=2752, stack(0x0000005945300000,0x0000005945400000)]
  0x000002419eedb800 JavaThread "Unconstrained build operations Thread 7" [_thread_blocked, id=20052, stack(0x0000005945400000,0x0000005945500000)]
  0x000002419eee2000 JavaThread "Unconstrained build operations Thread 8" [_thread_blocked, id=20572, stack(0x0000005945500000,0x0000005945600000)]
  0x000002419eee2800 JavaThread "Unconstrained build operations Thread 9" [_thread_blocked, id=6016, stack(0x0000005945600000,0x0000005945700000)]
  0x00000241a11fa000 JavaThread "Unconstrained build operations Thread 10" [_thread_blocked, id=2280, stack(0x0000005945700000,0x0000005945800000)]
  0x00000241a11fc000 JavaThread "Unconstrained build operations Thread 11" [_thread_blocked, id=20860, stack(0x0000005945800000,0x0000005945900000)]
  0x00000241a11fb000 JavaThread "Unconstrained build operations Thread 12" [_thread_blocked, id=11880, stack(0x0000005945900000,0x0000005945a00000)]
  0x00000241a11fe800 JavaThread "Unconstrained build operations Thread 13" [_thread_blocked, id=21308, stack(0x0000005945a00000,0x0000005945b00000)]
  0x00000241a11fc800 JavaThread "Unconstrained build operations Thread 14" [_thread_blocked, id=15120, stack(0x0000005945b00000,0x0000005945c00000)]
  0x00000241a11fd800 JavaThread "Unconstrained build operations Thread 15" [_thread_blocked, id=8472, stack(0x0000005945c00000,0x0000005945d00000)]
  0x00000241a11f8800 JavaThread "Unconstrained build operations Thread 16" [_thread_blocked, id=12868, stack(0x0000005945d00000,0x0000005945e00000)]
  0x00000241a11ff000 JavaThread "Unconstrained build operations Thread 17" [_thread_blocked, id=19212, stack(0x0000005945e00000,0x0000005945f00000)]
  0x00000241a11f9800 JavaThread "Unconstrained build operations Thread 18" [_thread_blocked, id=13324, stack(0x0000005945f00000,0x0000005946000000)]
  0x00000241a1200000 JavaThread "Unconstrained build operations Thread 19" [_thread_blocked, id=16804, stack(0x0000005946000000,0x0000005946100000)]
  0x00000241a1201000 JavaThread "Unconstrained build operations Thread 20" [_thread_blocked, id=12168, stack(0x0000005946100000,0x0000005946200000)]
  0x00000241a1204000 JavaThread "Unconstrained build operations Thread 21" [_thread_blocked, id=19280, stack(0x0000005946200000,0x0000005946300000)]
  0x00000241a1205000 JavaThread "Unconstrained build operations Thread 22" [_thread_blocked, id=10288, stack(0x0000005946300000,0x0000005946400000)]
  0x00000241a1203000 JavaThread "Unconstrained build operations Thread 23" [_thread_blocked, id=20600, stack(0x0000005946400000,0x0000005946500000)]
  0x00000241a1207800 JavaThread "Unconstrained build operations Thread 24" [_thread_blocked, id=9248, stack(0x0000005946500000,0x0000005946600000)]
  0x00000241a1205800 JavaThread "Unconstrained build operations Thread 25" [_thread_blocked, id=18968, stack(0x0000005946600000,0x0000005946700000)]
  0x00000241a1202800 JavaThread "Unconstrained build operations Thread 26" [_thread_blocked, id=15480, stack(0x0000005946700000,0x0000005946800000)]
  0x00000241a1206800 JavaThread "Unconstrained build operations Thread 27" [_thread_blocked, id=9244, stack(0x0000005946800000,0x0000005946900000)]
  0x00000241a1201800 JavaThread "Unconstrained build operations Thread 28" [_thread_blocked, id=732, stack(0x0000005946900000,0x0000005946a00000)]
  0x00000241a2568800 JavaThread "Unconstrained build operations Thread 29" [_thread_blocked, id=15604, stack(0x0000005946a00000,0x0000005946b00000)]
  0x00000241a256a000 JavaThread "Unconstrained build operations Thread 30" [_thread_blocked, id=9872, stack(0x0000005946b00000,0x0000005946c00000)]
  0x00000241a2566000 JavaThread "Unconstrained build operations Thread 31" [_thread_blocked, id=5340, stack(0x0000005946c00000,0x0000005946d00000)]
  0x00000241a2567000 JavaThread "Unconstrained build operations Thread 32" [_thread_blocked, id=16400, stack(0x0000005946d00000,0x0000005946e00000)]
  0x00000241a2569800 JavaThread "Unconstrained build operations Thread 33" [_thread_blocked, id=12672, stack(0x0000005946e00000,0x0000005946f00000)]
  0x00000241a256b000 JavaThread "Unconstrained build operations Thread 34" [_thread_blocked, id=16880, stack(0x0000005946f00000,0x0000005947000000)]
  0x00000241a2565800 JavaThread "Unconstrained build operations Thread 35" [_thread_blocked, id=20408, stack(0x0000005947000000,0x0000005947100000)]
  0x00000241a256c000 JavaThread "Unconstrained build operations Thread 36" [_thread_blocked, id=12528, stack(0x0000005947100000,0x0000005947200000)]
  0x00000241a256c800 JavaThread "Unconstrained build operations Thread 37" [_thread_blocked, id=10368, stack(0x0000005947200000,0x0000005947300000)]
  0x00000241a256d800 JavaThread "Unconstrained build operations Thread 38" [_thread_blocked, id=17184, stack(0x0000005947300000,0x0000005947400000)]
  0x00000241a2567800 JavaThread "Unconstrained build operations Thread 39" [_thread_blocked, id=15056, stack(0x0000005947400000,0x0000005947500000)]
  0x00000241a2574000 JavaThread "Unconstrained build operations Thread 40" [_thread_blocked, id=800, stack(0x0000005947500000,0x0000005947600000)]
  0x00000241a256f000 JavaThread "Unconstrained build operations Thread 41" [_thread_blocked, id=13584, stack(0x0000005947600000,0x0000005947700000)]
  0x00000241a256e800 JavaThread "Unconstrained build operations Thread 42" [_thread_blocked, id=2524, stack(0x0000005947700000,0x0000005947800000)]
  0x00000241a2570000 JavaThread "Unconstrained build operations Thread 43" [_thread_blocked, id=17896, stack(0x0000005947800000,0x0000005947900000)]
  0x00000241a2570800 JavaThread "Unconstrained build operations Thread 44" [_thread_blocked, id=8224, stack(0x0000005947900000,0x0000005947a00000)]
  0x00000241a2571800 JavaThread "Unconstrained build operations Thread 45" [_thread_blocked, id=14592, stack(0x0000005947a00000,0x0000005947b00000)]
  0x00000241a2572800 JavaThread "Unconstrained build operations Thread 46" [_thread_blocked, id=16716, stack(0x0000005947b00000,0x0000005947c00000)]
  0x00000241a2573000 JavaThread "Unconstrained build operations Thread 47" [_thread_blocked, id=15700, stack(0x0000005947c00000,0x0000005947d00000)]
  0x00000241a2772000 JavaThread "Unconstrained build operations Thread 48" [_thread_blocked, id=18520, stack(0x0000005947d00000,0x0000005947e00000)]
  0x00000241a2770000 JavaThread "Unconstrained build operations Thread 49" [_thread_blocked, id=19692, stack(0x0000005947e00000,0x0000005947f00000)]
  0x00000241a2774800 JavaThread "Unconstrained build operations Thread 50" [_thread_blocked, id=17252, stack(0x0000005947f00000,0x0000005948000000)]
  0x00000241a2776000 JavaThread "Unconstrained build operations Thread 51" [_thread_blocked, id=8788, stack(0x0000005948000000,0x0000005948100000)]
  0x00000241a2772800 JavaThread "Unconstrained build operations Thread 52" [_thread_blocked, id=4392, stack(0x0000005948100000,0x0000005948200000)]
  0x00000241a2775000 JavaThread "Unconstrained build operations Thread 53" [_thread_blocked, id=20240, stack(0x0000005948200000,0x0000005948300000)]
  0x00000241a2776800 JavaThread "Unconstrained build operations Thread 54" [_thread_blocked, id=828, stack(0x0000005948300000,0x0000005948400000)]
  0x00000241a2771000 JavaThread "Unconstrained build operations Thread 55" [_thread_blocked, id=13860, stack(0x0000005948400000,0x0000005948500000)]
  0x00000241a2777800 JavaThread "Unconstrained build operations Thread 56" [_thread_blocked, id=4800, stack(0x0000005948500000,0x0000005948600000)]
  0x00000241a2779000 JavaThread "Unconstrained build operations Thread 57" [_thread_blocked, id=10984, stack(0x0000005948600000,0x0000005948700000)]
  0x00000241a2778800 JavaThread "Unconstrained build operations Thread 58" [_thread_blocked, id=12272, stack(0x0000005948700000,0x0000005948800000)]
  0x00000241a2773800 JavaThread "Unconstrained build operations Thread 59" [_thread_blocked, id=17628, stack(0x0000005948800000,0x0000005948900000)]
  0x00000241a277b800 JavaThread "Unconstrained build operations Thread 60" [_thread_blocked, id=12720, stack(0x0000005948900000,0x0000005948a00000)]
  0x00000241a277c800 JavaThread "Unconstrained build operations Thread 61" [_thread_blocked, id=10620, stack(0x0000005948a00000,0x0000005948b00000)]
  0x00000241a277d800 JavaThread "Unconstrained build operations Thread 62" [_thread_blocked, id=16724, stack(0x0000005948b00000,0x0000005948c00000)]
  0x00000241a277e000 JavaThread "Unconstrained build operations Thread 63" [_thread_blocked, id=16888, stack(0x0000005948c00000,0x0000005948d00000)]
  0x00000241a277a000 JavaThread "Unconstrained build operations Thread 64" [_thread_blocked, id=13868, stack(0x0000005948d00000,0x0000005948e00000)]
  0x00000241a277f000 JavaThread "Unconstrained build operations Thread 65" [_thread_blocked, id=19008, stack(0x0000005948e00000,0x0000005948f00000)]
  0x00000241a277b000 JavaThread "Unconstrained build operations Thread 66" [_thread_blocked, id=1076, stack(0x0000005948f00000,0x0000005949000000)]
  0x00000241a0916800 JavaThread "Unconstrained build operations Thread 67" [_thread_blocked, id=3052, stack(0x0000005949000000,0x0000005949100000)]
  0x00000241a0914000 JavaThread "Unconstrained build operations Thread 68" [_thread_blocked, id=16528, stack(0x0000005949100000,0x0000005949200000)]
  0x00000241a0917800 JavaThread "Unconstrained build operations Thread 69" [_thread_blocked, id=3256, stack(0x0000005949200000,0x0000005949300000)]
  0x00000241a0911800 JavaThread "Unconstrained build operations Thread 70" [_thread_blocked, id=15316, stack(0x0000005949300000,0x0000005949400000)]
  0x00000241a0918000 JavaThread "Unconstrained build operations Thread 71" [_thread_blocked, id=13256, stack(0x0000005949400000,0x0000005949500000)]
  0x00000241a0915000 JavaThread "Unconstrained build operations Thread 72" [_thread_blocked, id=9792, stack(0x0000005949500000,0x0000005949600000)]
  0x00000241a0912800 JavaThread "Unconstrained build operations Thread 73" [_thread_blocked, id=12312, stack(0x0000005949600000,0x0000005949700000)]
  0x00000241a0915800 JavaThread "Unconstrained build operations Thread 74" [_thread_blocked, id=10716, stack(0x0000005949700000,0x0000005949800000)]
  0x00000241a0919000 JavaThread "Unconstrained build operations Thread 75" [_thread_blocked, id=10988, stack(0x0000005949800000,0x0000005949900000)]
  0x00000241a0913000 JavaThread "Unconstrained build operations Thread 76" [_thread_blocked, id=15424, stack(0x0000005949900000,0x0000005949a00000)]
  0x00000241a091b800 JavaThread "Unconstrained build operations Thread 77" [_thread_blocked, id=13008, stack(0x0000005949a00000,0x0000005949b00000)]
  0x00000241a091a000 JavaThread "Unconstrained build operations Thread 78" [_thread_blocked, id=13396, stack(0x0000005949b00000,0x0000005949c00000)]
  0x00000241a091d000 JavaThread "Unconstrained build operations Thread 79" [_thread_blocked, id=16320, stack(0x0000005949c00000,0x0000005949d00000)]
  0x00000241a091f800 JavaThread "Unconstrained build operations Thread 80" [_thread_blocked, id=21012, stack(0x0000005949d00000,0x0000005949e00000)]
  0x00000241a0920800 JavaThread "Unconstrained build operations Thread 81" [_thread_blocked, id=18424, stack(0x0000005949e00000,0x0000005949f00000)]
  0x00000241a091a800 JavaThread "Unconstrained build operations Thread 82" [_thread_blocked, id=18364, stack(0x0000005949f00000,0x000000594a000000)]
  0x00000241a091c000 JavaThread "Unconstrained build operations Thread 83" [_thread_blocked, id=1932, stack(0x000000594a000000,0x000000594a100000)]
  0x00000241a091e000 JavaThread "Unconstrained build operations Thread 84" [_thread_blocked, id=2480, stack(0x000000594a100000,0x000000594a200000)]
  0x00000241a091e800 JavaThread "Unconstrained build operations Thread 85" [_thread_blocked, id=21332, stack(0x000000594a200000,0x000000594a300000)]
  0x00000241a0947800 JavaThread "Unconstrained build operations Thread 86" [_thread_blocked, id=19548, stack(0x000000594a300000,0x000000594a400000)]
  0x00000241a0942000 JavaThread "Unconstrained build operations Thread 87" [_thread_blocked, id=17124, stack(0x000000594a400000,0x000000594a500000)]
  0x00000241a0942800 JavaThread "Unconstrained build operations Thread 88" [_thread_blocked, id=12740, stack(0x000000594a500000,0x000000594a600000)]
  0x00000241a0947000 JavaThread "Unconstrained build operations Thread 89" [_thread_blocked, id=916, stack(0x000000594a600000,0x000000594a700000)]
  0x00000241a0945000 JavaThread "Unconstrained build operations Thread 90" [_thread_blocked, id=7304, stack(0x000000594a700000,0x000000594a800000)]
  0x00000241a0946000 JavaThread "Unconstrained build operations Thread 91" [_thread_blocked, id=8516, stack(0x000000594a800000,0x000000594a900000)]
  0x00000241a0948800 JavaThread "Unconstrained build operations Thread 92" [_thread_blocked, id=20544, stack(0x000000594a900000,0x000000594aa00000)]
  0x00000241a0944800 JavaThread "Unconstrained build operations Thread 93" [_thread_blocked, id=13120, stack(0x000000594aa00000,0x000000594ab00000)]
  0x00000241a0949000 JavaThread "Unconstrained build operations Thread 94" [_thread_blocked, id=11460, stack(0x000000594ab00000,0x000000594ac00000)]
  0x00000241a0943800 JavaThread "Unconstrained build operations Thread 95" [_thread_blocked, id=5220, stack(0x000000594ac00000,0x000000594ad00000)]
  0x00000241a094c800 JavaThread "Unconstrained build operations Thread 96" [_thread_blocked, id=19768, stack(0x000000594ad00000,0x000000594ae00000)]
  0x00000241a094b000 JavaThread "Unconstrained build operations Thread 97" [_thread_blocked, id=2316, stack(0x000000594ae00000,0x000000594af00000)]
  0x00000241a094b800 JavaThread "Unconstrained build operations Thread 98" [_thread_blocked, id=19580, stack(0x000000594af00000,0x000000594b000000)]
  0x00000241a094d800 JavaThread "Unconstrained build operations Thread 99" [_thread_blocked, id=8232, stack(0x000000594b000000,0x000000594b100000)]
  0x00000241a094e000 JavaThread "Unconstrained build operations Thread 100" [_thread_blocked, id=3344, stack(0x000000594b100000,0x000000594b200000)]
  0x00000241a094f000 JavaThread "Unconstrained build operations Thread 101" [_thread_blocked, id=5452, stack(0x000000594b200000,0x000000594b300000)]
  0x00000241a0950000 JavaThread "Unconstrained build operations Thread 102" [_thread_blocked, id=20044, stack(0x000000594b300000,0x000000594b400000)]
  0x00000241a094a000 JavaThread "Unconstrained build operations Thread 103" [_thread_blocked, id=18712, stack(0x000000594b400000,0x000000594b500000)]
  0x00000241a0950800 JavaThread "Unconstrained build operations Thread 104" [_thread_blocked, id=18744, stack(0x000000594b500000,0x000000594b600000)]
  0x00000241a262d000 JavaThread "Unconstrained build operations Thread 105" [_thread_blocked, id=17504, stack(0x000000594b600000,0x000000594b700000)]
  0x00000241a262a000 JavaThread "Unconstrained build operations Thread 106" [_thread_blocked, id=20124, stack(0x000000594b700000,0x000000594b800000)]
  0x00000241a262f000 JavaThread "Unconstrained build operations Thread 107" [_thread_blocked, id=12804, stack(0x000000594b800000,0x000000594b900000)]
  0x00000241a262c800 JavaThread "Unconstrained build operations Thread 108" [_thread_blocked, id=9712, stack(0x000000594b900000,0x000000594ba00000)]
  0x00000241a262f800 JavaThread "Unconstrained build operations Thread 109" [_thread_blocked, id=848, stack(0x000000594ba00000,0x000000594bb00000)]
  0x00000241a262e000 JavaThread "Unconstrained build operations Thread 110" [_thread_blocked, id=9180, stack(0x000000594bb00000,0x000000594bc00000)]
  0x00000241a262a800 JavaThread "Unconstrained build operations Thread 111" [_thread_blocked, id=14032, stack(0x000000594bc00000,0x000000594bd00000)]
  0x00000241a2630800 JavaThread "Unconstrained build operations Thread 112" [_thread_blocked, id=13928, stack(0x000000594bd00000,0x000000594be00000)]
  0x00000241a2631800 JavaThread "Unconstrained build operations Thread 113" [_thread_blocked, id=10472, stack(0x000000594be00000,0x000000594bf00000)]
  0x00000241a262b800 JavaThread "Unconstrained build operations Thread 114" [_thread_blocked, id=13892, stack(0x000000594bf00000,0x000000594c000000)]
  0x00000241a2636000 JavaThread "Unconstrained build operations Thread 115" [_thread_blocked, id=9284, stack(0x000000594c000000,0x000000594c100000)]
  0x00000241a2632000 JavaThread "Unconstrained build operations Thread 116" [_thread_blocked, id=2996, stack(0x000000594c100000,0x000000594c200000)]
  0x00000241a2638000 JavaThread "Unconstrained build operations Thread 117" [_thread_blocked, id=20392, stack(0x000000594c200000,0x000000594c300000)]
  0x00000241a2637000 JavaThread "Unconstrained build operations Thread 118" [_thread_blocked, id=12152, stack(0x000000594c300000,0x000000594c400000)]
  0x00000241a2634800 JavaThread "Unconstrained build operations Thread 119" [_thread_blocked, id=18600, stack(0x000000594c400000,0x000000594c500000)]
  0x00000241a2638800 JavaThread "Unconstrained build operations Thread 120" [_thread_blocked, id=3476, stack(0x000000594c500000,0x000000594c600000)]
  0x00000241a2635800 JavaThread "jar transforms Thread 4" [_thread_blocked, id=21252, stack(0x000000594c600000,0x000000594c700000)]
  0x00000241a2633000 JavaThread "jar transforms Thread 5" [_thread_blocked, id=12204, stack(0x000000594c700000,0x000000594c800000)]
  0x00000241a2633800 JavaThread "jar transforms Thread 6" [_thread_blocked, id=21352, stack(0x000000594c800000,0x000000594c900000)]
  0x00000241a258f800 JavaThread "jar transforms Thread 7" [_thread_blocked, id=20900, stack(0x000000594c900000,0x000000594ca00000)]
  0x00000241a2591800 JavaThread "jar transforms Thread 8" [_thread_blocked, id=4772, stack(0x000000594ca00000,0x000000594cb00000)]
  0x00000241a258e000 JavaThread "jar transforms Thread 9" [_thread_blocked, id=11040, stack(0x000000594cb00000,0x000000594cc00000)]
  0x00000241a258d800 JavaThread "jar transforms Thread 10" [_thread_blocked, id=5440, stack(0x000000594cc00000,0x000000594cd00000)]
  0x00000241a2594800 JavaThread "jar transforms Thread 11" [_thread_blocked, id=8848, stack(0x000000594cd00000,0x000000594ce00000)]
  0x00000241a258f000 JavaThread "jar transforms Thread 12" [_thread_blocked, id=20816, stack(0x000000594ce00000,0x000000594cf00000)]

Other Threads:
  0x000002419bbe1000 VMThread "VM Thread" [stack: 0x0000005941d00000,0x0000005941e00000] [id=21420]
  0x000002419c6ec000 WatcherThread [stack: 0x0000005942700000,0x0000005942800000] [id=1056]
  0x00000241ffe77800 GCTaskThread "GC Thread#0" [stack: 0x0000005941800000,0x0000005941900000] [id=12260]
  0x000002419d577800 GCTaskThread "GC Thread#1" [stack: 0x0000005942a00000,0x0000005942b00000] [id=16376]
  0x000002419e441000 GCTaskThread "GC Thread#2" [stack: 0x0000005943300000,0x0000005943400000] [id=13488]
  0x000002419e441800 GCTaskThread "GC Thread#3" [stack: 0x0000005943400000,0x0000005943500000] [id=20300]
  0x000002419e442000 GCTaskThread "GC Thread#4" [stack: 0x0000005943500000,0x0000005943600000] [id=8856]
  0x000002419e443000 GCTaskThread "GC Thread#5" [stack: 0x0000005943600000,0x0000005943700000] [id=18780]
  0x000002419db98000 GCTaskThread "GC Thread#6" [stack: 0x0000005943700000,0x0000005943800000] [id=18596]
  0x000002419db99000 GCTaskThread "GC Thread#7" [stack: 0x0000005943800000,0x0000005943900000] [id=12552]
  0x000002419db99800 GCTaskThread "GC Thread#8" [stack: 0x0000005943900000,0x0000005943a00000] [id=9832]
  0x000002419db9a800 GCTaskThread "GC Thread#9" [stack: 0x0000005943a00000,0x0000005943b00000] [id=15576]
  0x00000241ffeaa000 ConcurrentGCThread "G1 Main Marker" [stack: 0x0000005941900000,0x0000005941a00000] [id=20272]
  0x00000241ffeab000 ConcurrentGCThread "G1 Conc#0" [stack: 0x0000005941a00000,0x0000005941b00000] [id=17068]
  0x000002419dfb2000 ConcurrentGCThread "G1 Conc#1" [stack: 0x0000005943f00000,0x0000005944000000] [id=20936]
  0x000002419d70a000 ConcurrentGCThread "G1 Conc#2" [stack: 0x0000005944000000,0x0000005944100000] [id=13072]
  0x00000241fff3d800 ConcurrentGCThread "G1 Refine#0" [stack: 0x0000005941b00000,0x0000005941c00000] [id=13696]
  0x000002419dff6800 ConcurrentGCThread "G1 Refine#1" [stack: 0x0000005943b00000,0x0000005943c00000] [id=956]
  0x000002419ba34800 ConcurrentGCThread "G1 Young RemSet Sampling" [stack: 0x0000005941c00000,0x0000005941d00000] [id=17924]

Threads with active compile tasks:
C2 CompilerThread0   7951 5233       4       org.codehaus.groovy.reflection.CachedMethod::compareToCachedMethod (160 bytes)
C1 CompilerThread0   7951 5252   !   3       java.util.jar.JarFile::checkForSpecialAttributes (163 bytes)

VM state:not at safepoint (normal execution)

VM Mutex/Monitor currently owned by a thread: None

Heap address: 0x0000000080000000, size: 2048 MB, Compressed Oops mode: 32-bit
Narrow klass base: 0x0000000000000000, Narrow klass shift: 3
Compressed class space size: 1073741824 Address: 0x0000000100000000

Heap:
 garbage-first heap   total 145408K, used 46318K [0x0000000080000000, 0x0000000100000000)
  region size 1024K, 20 young (20480K), 6 survivors (6144K)
 Metaspace       used 47953K, capacity 49203K, committed 49484K, reserved 1091584K
  class space    used 6130K, capacity 6629K, committed 6732K, reserved 1048576K
Heap Regions: E=young(eden), S=young(survivor), O=old, HS=humongous(starts), HC=humongous(continues), CS=collection set, F=free, A=archive, TAMS=top-at-mark-start (previous, next)
|   0|0x0000000080000000, 0x0000000080100000, 0x0000000080100000|100%| O|  |TAMS 0x0000000080100000, 0x0000000080000000| Untracked 
|   1|0x0000000080100000, 0x0000000080200000, 0x0000000080200000|100%| O|  |TAMS 0x0000000080200000, 0x0000000080100000| Untracked 
|   2|0x0000000080200000, 0x0000000080300000, 0x0000000080300000|100%| O|  |TAMS 0x0000000080300000, 0x0000000080200000| Untracked 
|   3|0x0000000080300000, 0x0000000080400000, 0x0000000080400000|100%|HS|  |TAMS 0x0000000080400000, 0x0000000080300000| Complete 
|   4|0x0000000080400000, 0x0000000080500000, 0x0000000080500000|100%|HC|  |TAMS 0x0000000080500000, 0x0000000080400000| Complete 
|   5|0x0000000080500000, 0x0000000080600000, 0x0000000080600000|100%|HC|  |TAMS 0x0000000080600000, 0x0000000080500000| Complete 
|   6|0x0000000080600000, 0x0000000080700000, 0x0000000080700000|100%| O|  |TAMS 0x0000000080700000, 0x0000000080600000| Untracked 
|   7|0x0000000080700000, 0x0000000080800000, 0x0000000080800000|100%| O|  |TAMS 0x0000000080800000, 0x0000000080700000| Untracked 
|   8|0x0000000080800000, 0x0000000080900000, 0x0000000080900000|100%| O|  |TAMS 0x0000000080900000, 0x0000000080800000| Untracked 
|   9|0x0000000080900000, 0x0000000080a00000, 0x0000000080a00000|100%| O|  |TAMS 0x0000000080a00000, 0x0000000080900000| Untracked 
|  10|0x0000000080a00000, 0x0000000080b00000, 0x0000000080b00000|100%| O|  |TAMS 0x0000000080b00000, 0x0000000080a00000| Untracked 
|  11|0x0000000080b00000, 0x0000000080c00000, 0x0000000080c00000|100%| O|  |TAMS 0x0000000080c00000, 0x0000000080b00000| Untracked 
|  12|0x0000000080c00000, 0x0000000080d00000, 0x0000000080d00000|100%| O|  |TAMS 0x0000000080d00000, 0x0000000080c00000| Untracked 
|  13|0x0000000080d00000, 0x0000000080e00000, 0x0000000080e00000|100%| O|  |TAMS 0x0000000080e00000, 0x0000000080d00000| Untracked 
|  14|0x0000000080e00000, 0x0000000080f00000, 0x0000000080f00000|100%| O|  |TAMS 0x0000000080f00000, 0x0000000080e00000| Untracked 
|  15|0x0000000080f00000, 0x0000000081000000, 0x0000000081000000|100%| O|  |TAMS 0x0000000081000000, 0x0000000080f00000| Untracked 
|  16|0x0000000081000000, 0x0000000081100000, 0x0000000081100000|100%| O|  |TAMS 0x0000000081100000, 0x0000000081000000| Untracked 
|  17|0x0000000081100000, 0x0000000081200000, 0x0000000081200000|100%| O|  |TAMS 0x0000000081200000, 0x0000000081100000| Untracked 
|  18|0x0000000081200000, 0x0000000081300000, 0x0000000081300000|100%| O|  |TAMS 0x0000000081213a00, 0x0000000081200000| Untracked 
|  19|0x0000000081300000, 0x0000000081400000, 0x0000000081400000|100%|HS|  |TAMS 0x0000000081300000, 0x0000000081300000| Complete 
|  20|0x0000000081400000, 0x0000000081500000, 0x0000000081500000|100%| O|  |TAMS 0x0000000081400000, 0x0000000081400000| Untracked 
|  21|0x0000000081500000, 0x0000000081600000, 0x0000000081600000|100%| O|  |TAMS 0x0000000081500000, 0x0000000081500000| Untracked 
|  22|0x0000000081600000, 0x0000000081700000, 0x0000000081700000|100%| O|  |TAMS 0x0000000081600000, 0x0000000081600000| Untracked 
|  23|0x0000000081700000, 0x0000000081800000, 0x0000000081800000|100%| O|  |TAMS 0x0000000081700000, 0x0000000081700000| Untracked 
|  24|0x0000000081800000, 0x0000000081900000, 0x0000000081900000|100%| O|  |TAMS 0x0000000081800000, 0x0000000081800000| Untracked 
|  25|0x0000000081900000, 0x0000000081a00000, 0x0000000081a00000|100%| O|  |TAMS 0x0000000081900000, 0x0000000081900000| Untracked 
|  26|0x0000000081a00000, 0x0000000081a2aa00, 0x0000000081b00000| 16%| O|  |TAMS 0x0000000081a00000, 0x0000000081a00000| Untracked 
|  27|0x0000000081b00000, 0x0000000081c00000, 0x0000000081c00000|100%|HS|  |TAMS 0x0000000081b00000, 0x0000000081b00000| Complete 
|  28|0x0000000081c00000, 0x0000000081d00000, 0x0000000081d00000|100%|HS|  |TAMS 0x0000000081c00000, 0x0000000081c00000| Complete 
|  29|0x0000000081d00000, 0x0000000081d00000, 0x0000000081e00000|  0%| F|  |TAMS 0x0000000081d00000, 0x0000000081d00000| Untracked 
|  30|0x0000000081e00000, 0x0000000081e00000, 0x0000000081f00000|  0%| F|  |TAMS 0x0000000081e00000, 0x0000000081e00000| Untracked 
|  31|0x0000000081f00000, 0x0000000081f00000, 0x0000000082000000|  0%| F|  |TAMS 0x0000000081f00000, 0x0000000081f00000| Untracked 
|  32|0x0000000082000000, 0x0000000082000000, 0x0000000082100000|  0%| F|  |TAMS 0x0000000082000000, 0x0000000082000000| Untracked 
|  33|0x0000000082100000, 0x0000000082100000, 0x0000000082200000|  0%| F|  |TAMS 0x0000000082100000, 0x0000000082100000| Untracked 
|  34|0x0000000082200000, 0x0000000082200000, 0x0000000082300000|  0%| F|  |TAMS 0x0000000082200000, 0x0000000082200000| Untracked 
|  35|0x0000000082300000, 0x0000000082300000, 0x0000000082400000|  0%| F|  |TAMS 0x0000000082300000, 0x0000000082300000| Untracked 
|  36|0x0000000082400000, 0x0000000082400000, 0x0000000082500000|  0%| F|  |TAMS 0x0000000082400000, 0x0000000082400000| Untracked 
|  37|0x0000000082500000, 0x0000000082500000, 0x0000000082600000|  0%| F|  |TAMS 0x0000000082500000, 0x0000000082500000| Untracked 
|  38|0x0000000082600000, 0x0000000082600000, 0x0000000082700000|  0%| F|  |TAMS 0x0000000082600000, 0x0000000082600000| Untracked 
|  39|0x0000000082700000, 0x0000000082700000, 0x0000000082800000|  0%| F|  |TAMS 0x0000000082700000, 0x0000000082700000| Untracked 
|  40|0x0000000082800000, 0x0000000082800000, 0x0000000082900000|  0%| F|  |TAMS 0x0000000082800000, 0x0000000082800000| Untracked 
|  41|0x0000000082900000, 0x0000000082900000, 0x0000000082a00000|  0%| F|  |TAMS 0x0000000082900000, 0x0000000082900000| Untracked 
|  42|0x0000000082a00000, 0x0000000082a00000, 0x0000000082b00000|  0%| F|  |TAMS 0x0000000082a00000, 0x0000000082a00000| Untracked 
|  43|0x0000000082b00000, 0x0000000082b00000, 0x0000000082c00000|  0%| F|  |TAMS 0x0000000082b00000, 0x0000000082b00000| Untracked 
|  44|0x0000000082c00000, 0x0000000082c00000, 0x0000000082d00000|  0%| F|  |TAMS 0x0000000082c00000, 0x0000000082c00000| Untracked 
|  45|0x0000000082d00000, 0x0000000082d00000, 0x0000000082e00000|  0%| F|  |TAMS 0x0000000082d00000, 0x0000000082d00000| Untracked 
|  46|0x0000000082e00000, 0x0000000082e00000, 0x0000000082f00000|  0%| F|  |TAMS 0x0000000082e00000, 0x0000000082e00000| Untracked 
|  47|0x0000000082f00000, 0x0000000082f00000, 0x0000000083000000|  0%| F|  |TAMS 0x0000000082f00000, 0x0000000082f00000| Untracked 
|  48|0x0000000083000000, 0x0000000083000000, 0x0000000083100000|  0%| F|  |TAMS 0x0000000083000000, 0x0000000083000000| Untracked 
|  49|0x0000000083100000, 0x0000000083100000, 0x0000000083200000|  0%| F|  |TAMS 0x0000000083100000, 0x0000000083100000| Untracked 
|  50|0x0000000083200000, 0x0000000083200000, 0x0000000083300000|  0%| F|  |TAMS 0x0000000083200000, 0x0000000083200000| Untracked 
|  51|0x0000000083300000, 0x0000000083300000, 0x0000000083400000|  0%| F|  |TAMS 0x0000000083300000, 0x0000000083300000| Untracked 
|  52|0x0000000083400000, 0x0000000083400000, 0x0000000083500000|  0%| F|  |TAMS 0x0000000083400000, 0x0000000083400000| Untracked 
|  53|0x0000000083500000, 0x0000000083500000, 0x0000000083600000|  0%| F|  |TAMS 0x0000000083500000, 0x0000000083500000| Untracked 
|  54|0x0000000083600000, 0x0000000083600000, 0x0000000083700000|  0%| F|  |TAMS 0x0000000083600000, 0x0000000083600000| Untracked 
|  55|0x0000000083700000, 0x0000000083700000, 0x0000000083800000|  0%| F|  |TAMS 0x0000000083700000, 0x0000000083700000| Untracked 
|  56|0x0000000083800000, 0x0000000083800000, 0x0000000083900000|  0%| F|  |TAMS 0x0000000083800000, 0x0000000083800000| Untracked 
|  57|0x0000000083900000, 0x0000000083900000, 0x0000000083a00000|  0%| F|  |TAMS 0x0000000083900000, 0x0000000083900000| Untracked 
|  58|0x0000000083a00000, 0x0000000083a00000, 0x0000000083b00000|  0%| F|  |TAMS 0x0000000083a00000, 0x0000000083a00000| Untracked 
|  59|0x0000000083b00000, 0x0000000083b00000, 0x0000000083c00000|  0%| F|  |TAMS 0x0000000083b00000, 0x0000000083b00000| Untracked 
|  60|0x0000000083c00000, 0x0000000083c00000, 0x0000000083d00000|  0%| F|  |TAMS 0x0000000083c00000, 0x0000000083c00000| Untracked 
|  61|0x0000000083d00000, 0x0000000083d00000, 0x0000000083e00000|  0%| F|  |TAMS 0x0000000083d00000, 0x0000000083d00000| Untracked 
|  62|0x0000000083e00000, 0x0000000083e00000, 0x0000000083f00000|  0%| F|  |TAMS 0x0000000083e00000, 0x0000000083e00000| Untracked 
|  63|0x0000000083f00000, 0x0000000083f00000, 0x0000000084000000|  0%| F|  |TAMS 0x0000000083f00000, 0x0000000083f00000| Untracked 
|  64|0x0000000084000000, 0x0000000084000000, 0x0000000084100000|  0%| F|  |TAMS 0x0000000084000000, 0x0000000084000000| Untracked 
|  65|0x0000000084100000, 0x0000000084100000, 0x0000000084200000|  0%| F|  |TAMS 0x0000000084100000, 0x0000000084100000| Untracked 
|  66|0x0000000084200000, 0x0000000084200000, 0x0000000084300000|  0%| F|  |TAMS 0x0000000084200000, 0x0000000084200000| Untracked 
|  67|0x0000000084300000, 0x0000000084300000, 0x0000000084400000|  0%| F|  |TAMS 0x0000000084300000, 0x0000000084300000| Untracked 
|  68|0x0000000084400000, 0x0000000084400000, 0x0000000084500000|  0%| F|  |TAMS 0x0000000084400000, 0x0000000084400000| Untracked 
|  69|0x0000000084500000, 0x0000000084500000, 0x0000000084600000|  0%| F|  |TAMS 0x0000000084500000, 0x0000000084500000| Untracked 
|  70|0x0000000084600000, 0x0000000084611070, 0x0000000084700000|  6%| S|CS|TAMS 0x0000000084600000, 0x0000000084600000| Complete 
|  71|0x0000000084700000, 0x0000000084800000, 0x0000000084800000|100%| S|CS|TAMS 0x0000000084700000, 0x0000000084700000| Complete 
|  72|0x0000000084800000, 0x0000000084900000, 0x0000000084900000|100%| S|CS|TAMS 0x0000000084800000, 0x0000000084800000| Complete 
|  73|0x0000000084900000, 0x0000000084a00000, 0x0000000084a00000|100%| S|CS|TAMS 0x0000000084900000, 0x0000000084900000| Complete 
|  74|0x0000000084a00000, 0x0000000084b00000, 0x0000000084b00000|100%| S|CS|TAMS 0x0000000084a00000, 0x0000000084a00000| Complete 
|  75|0x0000000084b00000, 0x0000000084c00000, 0x0000000084c00000|100%| S|CS|TAMS 0x0000000084b00000, 0x0000000084b00000| Complete 
|  76|0x0000000084c00000, 0x0000000084c00000, 0x0000000084d00000|  0%| F|  |TAMS 0x0000000084c00000, 0x0000000084c00000| Untracked 
|  77|0x0000000084d00000, 0x0000000084d00000, 0x0000000084e00000|  0%| F|  |TAMS 0x0000000084d00000, 0x0000000084d00000| Untracked 
|  78|0x0000000084e00000, 0x0000000084e00000, 0x0000000084f00000|  0%| F|  |TAMS 0x0000000084e00000, 0x0000000084e00000| Untracked 
|  79|0x0000000084f00000, 0x0000000084f00000, 0x0000000085000000|  0%| F|  |TAMS 0x0000000084f00000, 0x0000000084f00000| Untracked 
|  80|0x0000000085000000, 0x0000000085000000, 0x0000000085100000|  0%| F|  |TAMS 0x0000000085000000, 0x0000000085000000| Untracked 
|  81|0x0000000085100000, 0x0000000085100000, 0x0000000085200000|  0%| F|  |TAMS 0x0000000085100000, 0x0000000085100000| Untracked 
|  82|0x0000000085200000, 0x0000000085200000, 0x0000000085300000|  0%| F|  |TAMS 0x0000000085200000, 0x0000000085200000| Untracked 
|  83|0x0000000085300000, 0x0000000085300000, 0x0000000085400000|  0%| F|  |TAMS 0x0000000085300000, 0x0000000085300000| Untracked 
|  84|0x0000000085400000, 0x0000000085400000, 0x0000000085500000|  0%| F|  |TAMS 0x0000000085400000, 0x0000000085400000| Untracked 
|  85|0x0000000085500000, 0x0000000085500000, 0x0000000085600000|  0%| F|  |TAMS 0x0000000085500000, 0x0000000085500000| Untracked 
|  86|0x0000000085600000, 0x0000000085600000, 0x0000000085700000|  0%| F|  |TAMS 0x0000000085600000, 0x0000000085600000| Untracked 
|  87|0x0000000085700000, 0x0000000085700000, 0x0000000085800000|  0%| F|  |TAMS 0x0000000085700000, 0x0000000085700000| Untracked 
|  88|0x0000000085800000, 0x0000000085800000, 0x0000000085900000|  0%| F|  |TAMS 0x0000000085800000, 0x0000000085800000| Untracked 
|  89|0x0000000085900000, 0x0000000085900000, 0x0000000085a00000|  0%| F|  |TAMS 0x0000000085900000, 0x0000000085900000| Untracked 
|  90|0x0000000085a00000, 0x0000000085a00000, 0x0000000085b00000|  0%| F|  |TAMS 0x0000000085a00000, 0x0000000085a00000| Untracked 
|  91|0x0000000085b00000, 0x0000000085b00000, 0x0000000085c00000|  0%| F|  |TAMS 0x0000000085b00000, 0x0000000085b00000| Untracked 
|  92|0x0000000085c00000, 0x0000000085c00000, 0x0000000085d00000|  0%| F|  |TAMS 0x0000000085c00000, 0x0000000085c00000| Untracked 
|  93|0x0000000085d00000, 0x0000000085d00000, 0x0000000085e00000|  0%| F|  |TAMS 0x0000000085d00000, 0x0000000085d00000| Untracked 
|  94|0x0000000085e00000, 0x0000000085e00000, 0x0000000085f00000|  0%| F|  |TAMS 0x0000000085e00000, 0x0000000085e00000| Untracked 
|  95|0x0000000085f00000, 0x0000000085f00000, 0x0000000086000000|  0%| F|  |TAMS 0x0000000085f00000, 0x0000000085f00000| Untracked 
|  96|0x0000000086000000, 0x0000000086000000, 0x0000000086100000|  0%| F|  |TAMS 0x0000000086000000, 0x0000000086000000| Untracked 
|  97|0x0000000086100000, 0x0000000086100000, 0x0000000086200000|  0%| F|  |TAMS 0x0000000086100000, 0x0000000086100000| Untracked 
|  98|0x0000000086200000, 0x0000000086200000, 0x0000000086300000|  0%| F|  |TAMS 0x0000000086200000, 0x0000000086200000| Untracked 
|  99|0x0000000086300000, 0x0000000086300000, 0x0000000086400000|  0%| F|  |TAMS 0x0000000086300000, 0x0000000086300000| Untracked 
| 100|0x0000000086400000, 0x0000000086400000, 0x0000000086500000|  0%| F|  |TAMS 0x0000000086400000, 0x0000000086400000| Untracked 
| 101|0x0000000086500000, 0x0000000086500000, 0x0000000086600000|  0%| F|  |TAMS 0x0000000086500000, 0x0000000086500000| Untracked 
| 102|0x0000000086600000, 0x0000000086600000, 0x0000000086700000|  0%| F|  |TAMS 0x0000000086600000, 0x0000000086600000| Untracked 
| 103|0x0000000086700000, 0x0000000086700000, 0x0000000086800000|  0%| F|  |TAMS 0x0000000086700000, 0x0000000086700000| Untracked 
| 104|0x0000000086800000, 0x0000000086800000, 0x0000000086900000|  0%| F|  |TAMS 0x0000000086800000, 0x0000000086800000| Untracked 
| 105|0x0000000086900000, 0x0000000086900000, 0x0000000086a00000|  0%| F|  |TAMS 0x0000000086900000, 0x0000000086900000| Untracked 
| 106|0x0000000086a00000, 0x0000000086a00000, 0x0000000086b00000|  0%| F|  |TAMS 0x0000000086a00000, 0x0000000086a00000| Untracked 
| 107|0x0000000086b00000, 0x0000000086b00000, 0x0000000086c00000|  0%| F|  |TAMS 0x0000000086b00000, 0x0000000086b00000| Untracked 
| 108|0x0000000086c00000, 0x0000000086c00000, 0x0000000086d00000|  0%| F|  |TAMS 0x0000000086c00000, 0x0000000086c00000| Untracked 
| 109|0x0000000086d00000, 0x0000000086d00000, 0x0000000086e00000|  0%| F|  |TAMS 0x0000000086d00000, 0x0000000086d00000| Untracked 
| 110|0x0000000086e00000, 0x0000000086e00000, 0x0000000086f00000|  0%| F|  |TAMS 0x0000000086e00000, 0x0000000086e00000| Untracked 
| 111|0x0000000086f00000, 0x0000000086f00000, 0x0000000087000000|  0%| F|  |TAMS 0x0000000086f00000, 0x0000000086f00000| Untracked 
| 112|0x0000000087000000, 0x0000000087000000, 0x0000000087100000|  0%| F|  |TAMS 0x0000000087000000, 0x0000000087000000| Untracked 
| 113|0x0000000087100000, 0x0000000087100000, 0x0000000087200000|  0%| F|  |TAMS 0x0000000087100000, 0x0000000087100000| Untracked 
| 114|0x0000000087200000, 0x0000000087200000, 0x0000000087300000|  0%| F|  |TAMS 0x0000000087200000, 0x0000000087200000| Untracked 
| 115|0x0000000087300000, 0x0000000087300000, 0x0000000087400000|  0%| F|  |TAMS 0x0000000087300000, 0x0000000087300000| Untracked 
| 116|0x0000000087400000, 0x0000000087400000, 0x0000000087500000|  0%| F|  |TAMS 0x0000000087400000, 0x0000000087400000| Untracked 
| 117|0x0000000087500000, 0x0000000087500000, 0x0000000087600000|  0%| F|  |TAMS 0x0000000087500000, 0x0000000087500000| Untracked 
| 118|0x0000000087600000, 0x0000000087600000, 0x0000000087700000|  0%| F|  |TAMS 0x0000000087600000, 0x0000000087600000| Untracked 
| 119|0x0000000087700000, 0x0000000087700000, 0x0000000087800000|  0%| F|  |TAMS 0x0000000087700000, 0x0000000087700000| Untracked 
| 120|0x0000000087800000, 0x0000000087800000, 0x0000000087900000|  0%| F|  |TAMS 0x0000000087800000, 0x0000000087800000| Untracked 
| 121|0x0000000087900000, 0x0000000087900000, 0x0000000087a00000|  0%| F|  |TAMS 0x0000000087900000, 0x0000000087900000| Untracked 
| 122|0x0000000087a00000, 0x0000000087a00000, 0x0000000087b00000|  0%| F|  |TAMS 0x0000000087a00000, 0x0000000087a00000| Untracked 
| 123|0x0000000087b00000, 0x0000000087b00000, 0x0000000087c00000|  0%| F|  |TAMS 0x0000000087b00000, 0x0000000087b00000| Untracked 
| 124|0x0000000087c00000, 0x0000000087c00000, 0x0000000087d00000|  0%| F|  |TAMS 0x0000000087c00000, 0x0000000087c00000| Untracked 
| 125|0x0000000087d00000, 0x0000000087d00000, 0x0000000087e00000|  0%| F|  |TAMS 0x0000000087d00000, 0x0000000087d00000| Untracked 
| 126|0x0000000087e00000, 0x0000000087e00000, 0x0000000087f00000|  0%| F|  |TAMS 0x0000000087e00000, 0x0000000087e00000| Untracked 
| 127|0x0000000087f00000, 0x0000000087f00000, 0x0000000088000000|  0%| F|  |TAMS 0x0000000087f00000, 0x0000000087f00000| Untracked 
| 128|0x0000000088000000, 0x00000000880b2d40, 0x0000000088100000| 69%| E|  |TAMS 0x0000000088000000, 0x0000000088000000| Complete 
| 129|0x0000000088100000, 0x0000000088200000, 0x0000000088200000|100%| E|  |TAMS 0x0000000088100000, 0x0000000088100000| Complete 
| 130|0x0000000088200000, 0x0000000088300000, 0x0000000088300000|100%| E|CS|TAMS 0x0000000088200000, 0x0000000088200000| Complete 
| 131|0x0000000088300000, 0x0000000088400000, 0x0000000088400000|100%| E|CS|TAMS 0x0000000088300000, 0x0000000088300000| Complete 
| 132|0x0000000088400000, 0x0000000088500000, 0x0000000088500000|100%| E|CS|TAMS 0x0000000088400000, 0x0000000088400000| Complete 
| 133|0x0000000088500000, 0x0000000088600000, 0x0000000088600000|100%| E|CS|TAMS 0x0000000088500000, 0x0000000088500000| Complete 
| 134|0x0000000088600000, 0x0000000088700000, 0x0000000088700000|100%| E|CS|TAMS 0x0000000088600000, 0x0000000088600000| Complete 
| 135|0x0000000088700000, 0x0000000088800000, 0x0000000088800000|100%| E|CS|TAMS 0x0000000088700000, 0x0000000088700000| Complete 
| 136|0x0000000088800000, 0x0000000088900000, 0x0000000088900000|100%| E|CS|TAMS 0x0000000088800000, 0x0000000088800000| Complete 
| 137|0x0000000088900000, 0x0000000088a00000, 0x0000000088a00000|100%| E|CS|TAMS 0x0000000088900000, 0x0000000088900000| Complete 
| 138|0x0000000088a00000, 0x0000000088b00000, 0x0000000088b00000|100%| E|CS|TAMS 0x0000000088a00000, 0x0000000088a00000| Complete 
| 139|0x0000000088b00000, 0x0000000088c00000, 0x0000000088c00000|100%| E|CS|TAMS 0x0000000088b00000, 0x0000000088b00000| Complete 
| 140|0x0000000088c00000, 0x0000000088d00000, 0x0000000088d00000|100%| E|CS|TAMS 0x0000000088c00000, 0x0000000088c00000| Complete 
| 141|0x0000000088d00000, 0x0000000088e00000, 0x0000000088e00000|100%| E|CS|TAMS 0x0000000088d00000, 0x0000000088d00000| Complete 

Card table byte_map: [0x0000024194780000,0x0000024194b80000] _byte_map_base: 0x0000024194380000

Marking Bits (Prev, Next): (CMBitMap*) 0x00000241ffea1658, (CMBitMap*) 0x00000241ffea1690
 Prev Bits: [0x0000024194f80000, 0x0000024196f80000)
 Next Bits: [0x0000024196f80000, 0x0000024198f80000)

Polling page: 0x00000241ff1f0000

Metaspace:

Usage:
  Non-class:     41.58 MB capacity,    40.85 MB ( 98%) used,   612.37 KB (  1%) free+waste,   130.75 KB ( <1%) overhead. 
      Class:      6.47 MB capacity,     5.99 MB ( 92%) used,   436.03 KB (  7%) free+waste,    62.50 KB ( <1%) overhead. 
       Both:     48.05 MB capacity,    46.84 MB ( 97%) used,     1.02 MB (  2%) free+waste,   193.25 KB ( <1%) overhead. 

Virtual space:
  Non-class space:       42.00 MB reserved,      41.75 MB (>99%) committed 
      Class space:        1.00 GB reserved,       6.57 MB ( <1%) committed 
             Both:        1.04 GB reserved,      48.32 MB (  5%) committed 

Chunk freelists:
   Non-Class:  50.00 KB
       Class:  27.00 KB
        Both:  77.00 KB

MaxMetaspaceSize: 17179869184.00 GB
CompressedClassSpaceSize: 1.00 GB

CodeHeap 'non-profiled nmethods': size=120000Kb used=2382Kb max_used=2382Kb free=117618Kb
 bounds [0x000002418c900000, 0x000002418cb70000, 0x0000024193e30000]
CodeHeap 'profiled nmethods': size=120000Kb used=10470Kb max_used=10470Kb free=109529Kb
 bounds [0x00000241853d0000, 0x0000024185e10000, 0x000002418c900000]
CodeHeap 'non-nmethods': size=5760Kb used=2216Kb max_used=2259Kb free=3543Kb
 bounds [0x0000024184e30000, 0x00000241850a0000, 0x00000241853d0000]
 total_blobs=6031 nmethods=5245 adapters=697
 compilation: enabled
              stopped_count=0, restarted_count=0
 full_count=0

Compilation events (20 events):
Event: 7.897 Thread 0x000002419bc0a000 5238       3       sun.nio.fs.NativeBuffers::getNativeBuffer (21 bytes)
Event: 7.897 Thread 0x000002419bc0a000 nmethod 5238 0x0000024185df7690 code [0x0000024185df7860, 0x0000024185df7b58]
Event: 7.898 Thread 0x000002419bc0a000 5239       3       sun.nio.fs.WindowsPath::checkRead (17 bytes)
Event: 7.899 Thread 0x000002419bc0a000 nmethod 5239 0x0000024185df7c90 code [0x0000024185df7ea0, 0x0000024185df8548]
Event: 7.903 Thread 0x000002419bc0a000 5240       3       sun.nio.fs.WindowsFileSystemProvider::getFileAttributeView (132 bytes)
Event: 7.904 Thread 0x000002419bc0a000 nmethod 5240 0x0000024185df8790 code [0x0000024185df8ac0, 0x0000024185df9ee8]
Event: 7.905 Thread 0x000002419bc0a000 5241   !   3       sun.nio.fs.WindowsFileAttributes::get (214 bytes)
Event: 7.906 Thread 0x000002419bc0a000 nmethod 5241 0x0000024185dfa510 code [0x0000024185dfaa20, 0x0000024185dfcb68]
Event: 7.906 Thread 0x000002419bc0a000 5244       3       sun.nio.fs.WindowsFileAttributes::fromFileAttributeData (104 bytes)
Event: 7.906 Thread 0x000002419bc0a000 nmethod 5244 0x0000024185dfde10 code [0x0000024185dfe000, 0x0000024185dfe4a8]
Event: 7.906 Thread 0x000002419bc0a000 5242   !   3       sun.nio.fs.WindowsNativeDispatcher::GetFileAttributesEx (30 bytes)
Event: 7.907 Thread 0x000002419bc0a000 nmethod 5242 0x0000024185dfe710 code [0x0000024185dfe900, 0x0000024185dfebd8]
Event: 7.908 Thread 0x000002419bc0a000 5245       3       sun.nio.fs.WindowsFileAttributeViews$Basic::readAttributes (5 bytes)
Event: 7.908 Thread 0x000002419bc0a000 nmethod 5245 0x0000024185dfee10 code [0x0000024185dfefc0, 0x0000024185dff168]
Event: 7.908 Thread 0x000002419bc0a000 5246   !   3       sun.nio.fs.WindowsFileAttributeViews$Basic::readAttributes (30 bytes)
Event: 7.909 Thread 0x000002419bc0a000 nmethod 5246 0x0000024185dff210 code [0x0000024185dff460, 0x0000024185dffca8]
Event: 7.911 Thread 0x000002419bc0a000 5247       3       java.util.jar.JarFile::getEntry (22 bytes)
Event: 7.912 Thread 0x000002419bc0a000 nmethod 5247 0x0000024185dfff90 code [0x0000024185e001c0, 0x0000024185e008e8]
Event: 7.912 Thread 0x000002419bc0a000 5248       3       java.util.zip.ZipFile$Source$Key::hashCode (29 bytes)
Event: 7.913 Thread 0x000002419bc0a000 nmethod 5248 0x0000024185e00b90 code [0x0000024185e00da0, 0x0000024185e01138]

GC Heap History (18 events):
Event: 0.628 GC heap before
{Heap before GC invocations=0 (full 0):
 garbage-first heap   total 120832K, used 29696K [0x0000000080000000, 0x0000000100000000)
  region size 1024K, 24 young (24576K), 0 survivors (0K)
 Metaspace       used 10256K, capacity 10495K, committed 10624K, reserved 1058816K
  class space    used 1072K, capacity 1141K, committed 1152K, reserved 1048576K
}
Event: 0.635 GC heap after
{Heap after GC invocations=1 (full 0):
 garbage-first heap   total 120832K, used 9277K [0x0000000080000000, 0x0000000100000000)
  region size 1024K, 3 young (3072K), 3 survivors (3072K)
 Metaspace       used 10256K, capacity 10495K, committed 10624K, reserved 1058816K
  class space    used 1072K, capacity 1141K, committed 1152K, reserved 1048576K
}
Event: 2.115 GC heap before
{Heap before GC invocations=1 (full 0):
 garbage-first heap   total 120832K, used 77885K [0x0000000080000000, 0x0000000100000000)
  region size 1024K, 70 young (71680K), 3 survivors (3072K)
 Metaspace       used 17320K, capacity 17676K, committed 17792K, reserved 1064960K
  class space    used 2029K, capacity 2155K, committed 2176K, reserved 1048576K
}
Event: 2.121 GC heap after
{Heap after GC invocations=2 (full 0):
 garbage-first heap   total 120832K, used 15862K [0x0000000080000000, 0x0000000100000000)
  region size 1024K, 9 young (9216K), 9 survivors (9216K)
 Metaspace       used 17320K, capacity 17676K, committed 17792K, reserved 1064960K
  class space    used 2029K, capacity 2155K, committed 2176K, reserved 1048576K
}
Event: 2.530 GC heap before
{Heap before GC invocations=2 (full 0):
 garbage-first heap   total 120832K, used 46582K [0x0000000080000000, 0x0000000100000000)
  region size 1024K, 40 young (40960K), 9 survivors (9216K)
 Metaspace       used 20709K, capacity 21085K, committed 21248K, reserved 1067008K
  class space    used 2545K, capacity 2695K, committed 2816K, reserved 1048576K
}
Event: 2.540 GC heap after
{Heap after GC invocations=3 (full 0):
 garbage-first heap   total 120832K, used 16807K [0x0000000080000000, 0x0000000100000000)
  region size 1024K, 2 young (2048K), 2 survivors (2048K)
 Metaspace       used 20709K, capacity 21085K, committed 21248K, reserved 1067008K
  class space    used 2545K, capacity 2695K, committed 2816K, reserved 1048576K
}
Event: 3.325 GC heap before
{Heap before GC invocations=4 (full 0):
 garbage-first heap   total 120832K, used 65959K [0x0000000080000000, 0x0000000100000000)
  region size 1024K, 50 young (51200K), 2 survivors (2048K)
 Metaspace       used 25881K, capacity 26448K, committed 26752K, reserved 1073152K
  class space    used 3383K, capacity 3617K, committed 3712K, reserved 1048576K
}
Event: 3.329 GC heap after
{Heap after GC invocations=5 (full 0):
 garbage-first heap   total 120832K, used 18627K [0x0000000080000000, 0x0000000100000000)
  region size 1024K, 4 young (4096K), 4 survivors (4096K)
 Metaspace       used 25881K, capacity 26448K, committed 26752K, reserved 1073152K
  class space    used 3383K, capacity 3617K, committed 3712K, reserved 1048576K
}
Event: 4.423 GC heap before
{Heap before GC invocations=5 (full 0):
 garbage-first heap   total 120832K, used 71875K [0x0000000080000000, 0x0000000100000000)
  region size 1024K, 56 young (57344K), 4 survivors (4096K)
 Metaspace       used 31599K, capacity 32288K, committed 32512K, reserved 1077248K
  class space    used 4222K, capacity 4504K, committed 4608K, reserved 1048576K
}
Event: 4.429 GC heap after
{Heap after GC invocations=6 (full 0):
 garbage-first heap   total 120832K, used 21084K [0x0000000080000000, 0x0000000100000000)
  region size 1024K, 6 young (6144K), 6 survivors (6144K)
 Metaspace       used 31599K, capacity 32288K, committed 32512K, reserved 1077248K
  class space    used 4222K, capacity 4504K, committed 4608K, reserved 1048576K
}
Event: 4.836 GC heap before
{Heap before GC invocations=6 (full 0):
 garbage-first heap   total 120832K, used 29276K [0x0000000080000000, 0x0000000100000000)
  region size 1024K, 15 young (15360K), 6 survivors (6144K)
 Metaspace       used 35037K, capacity 35790K, committed 35840K, reserved 1081344K
  class space    used 4557K, capacity 4863K, committed 4864K, reserved 1048576K
}
Event: 4.848 GC heap after
{Heap after GC invocations=7 (full 0):
 garbage-first heap   total 120832K, used 22506K [0x0000000080000000, 0x0000000100000000)
  region size 1024K, 4 young (4096K), 4 survivors (4096K)
 Metaspace       used 35037K, capacity 35790K, committed 35840K, reserved 1081344K
  class space    used 4557K, capacity 4863K, committed 4864K, reserved 1048576K
}
Event: 5.878 GC heap before
{Heap before GC invocations=8 (full 0):
 garbage-first heap   total 120832K, used 79850K [0x0000000080000000, 0x0000000100000000)
  region size 1024K, 58 young (59392K), 4 survivors (4096K)
 Metaspace       used 39002K, capacity 39953K, committed 40268K, reserved 1083392K
  class space    used 4996K, capacity 5351K, committed 5452K, reserved 1048576K
}
Event: 5.913 GC heap after
{Heap after GC invocations=9 (full 0):
 garbage-first heap   total 120832K, used 26679K [0x0000000080000000, 0x0000000100000000)
  region size 1024K, 8 young (8192K), 8 survivors (8192K)
 Metaspace       used 39002K, capacity 39953K, committed 40268K, reserved 1083392K
  class space    used 4996K, capacity 5351K, committed 5452K, reserved 1048576K
}
Event: 6.666 GC heap before
{Heap before GC invocations=9 (full 0):
 garbage-first heap   total 120832K, used 81975K [0x0000000080000000, 0x0000000100000000)
  region size 1024K, 62 young (63488K), 8 survivors (8192K)
 Metaspace       used 44197K, capacity 45206K, committed 45516K, reserved 1089536K
  class space    used 5662K, capacity 6025K, committed 6092K, reserved 1048576K
}
Event: 6.675 GC heap after
{Heap after GC invocations=10 (full 0):
 garbage-first heap   total 145408K, used 28842K [0x0000000080000000, 0x0000000100000000)
  region size 1024K, 3 young (3072K), 3 survivors (3072K)
 Metaspace       used 44197K, capacity 45206K, committed 45516K, reserved 1089536K
  class space    used 5662K, capacity 6025K, committed 6092K, reserved 1048576K
}
Event: 7.698 GC heap before
{Heap before GC invocations=10 (full 0):
 garbage-first heap   total 145408K, used 96426K [0x0000000080000000, 0x0000000100000000)
  region size 1024K, 69 young (70656K), 3 survivors (3072K)
 Metaspace       used 47701K, capacity 48869K, committed 49100K, reserved 1091584K
  class space    used 6109K, capacity 6585K, committed 6604K, reserved 1048576K
}
Event: 7.702 GC heap after
{Heap after GC invocations=11 (full 0):
 garbage-first heap   total 145408K, used 30958K [0x0000000080000000, 0x0000000100000000)
  region size 1024K, 6 young (6144K), 6 survivors (6144K)
 Metaspace       used 47701K, capacity 48869K, committed 49100K, reserved 1091584K
  class space    used 6109K, capacity 6585K, committed 6604K, reserved 1048576K
}

Deoptimization events (20 events):
Event: 7.747 Thread 0x00000241a258e000 DEOPT PACKING pc=0x0000024185a46574 sp=0x000000594cbfe450
Event: 7.747 Thread 0x00000241a258e000 DEOPT UNPACKING pc=0x0000024184e56dde sp=0x000000594cbfd9f0 mode 0
Event: 7.838 Thread 0x000002419ec03000 DEOPT PACKING pc=0x00000241856e8a7a sp=0x0000005943efe180
Event: 7.838 Thread 0x000002419ec03000 DEOPT UNPACKING pc=0x0000024184e56dde sp=0x0000005943efd5b8 mode 0
Event: 7.845 Thread 0x000002419d363000 DEOPT PACKING pc=0x0000024185bb3bf1 sp=0x0000005942ff94f0
Event: 7.845 Thread 0x000002419d363000 DEOPT UNPACKING pc=0x0000024184e56dde sp=0x0000005942ff89e8 mode 0
Event: 7.846 Thread 0x000002419d363000 DEOPT PACKING pc=0x000002418546a1b4 sp=0x0000005942ff9530
Event: 7.846 Thread 0x000002419d363000 DEOPT UNPACKING pc=0x0000024184e56dde sp=0x0000005942ff8a80 mode 0
Event: 7.855 Thread 0x000002419d363000 DEOPT PACKING pc=0x0000024185bb3bf1 sp=0x0000005942ff93f0
Event: 7.855 Thread 0x000002419d363000 DEOPT UNPACKING pc=0x0000024184e56dde sp=0x0000005942ff88e8 mode 0
Event: 7.869 Thread 0x000002419d363000 DEOPT PACKING pc=0x00000241856f635a sp=0x0000005942ff17b0
Event: 7.869 Thread 0x000002419d363000 DEOPT UNPACKING pc=0x0000024184e56dde sp=0x0000005942ff0c48 mode 0
Event: 7.888 Thread 0x000002419d363000 DEOPT PACKING pc=0x00000241856f635a sp=0x0000005942ff1690
Event: 7.888 Thread 0x000002419d363000 DEOPT UNPACKING pc=0x0000024184e56dde sp=0x0000005942ff0b18 mode 0
Event: 7.888 Thread 0x000002419d363000 DEOPT PACKING pc=0x0000024185df12aa sp=0x0000005942ff16d0
Event: 7.888 Thread 0x000002419d363000 DEOPT UNPACKING pc=0x0000024184e56dde sp=0x0000005942ff0cc0 mode 0
Event: 7.889 Thread 0x000002419d363000 Uncommon trap: trap_request=0xffffff4d fr.pc=0x000002418c96949c relative=0x00000000000015fc
Event: 7.889 Thread 0x000002419d363000 Uncommon trap: reason=unstable_if action=reinterpret pc=0x000002418c96949c method=java.util.jar.JarFile.checkForSpecialAttributes()V @ 53 c2
Event: 7.890 Thread 0x000002419d363000 DEOPT PACKING pc=0x000002418c96949c sp=0x0000005942ff1ce0
Event: 7.890 Thread 0x000002419d363000 DEOPT UNPACKING pc=0x0000024184e5662f sp=0x0000005942ff1bd8 mode 2

Classes redefined (0 events):
No events

Internal exceptions (20 events):
Event: 7.891 Thread 0x000002419d363000 Exception <a 'java/security/PrivilegedActionException'{0x0000000088309060}> (0x0000000088309060) thrown at [./src/hotspot/share/prims/jvm.cpp, line 1306]
Event: 7.891 Thread 0x000002419d363000 Exception <a 'java/security/PrivilegedActionException'{0x000000008830a320}> (0x000000008830a320) thrown at [./src/hotspot/share/prims/jvm.cpp, line 1306]
Event: 7.891 Thread 0x000002419d363000 Exception <a 'java/security/PrivilegedActionException'{0x000000008830cf60}> (0x000000008830cf60) thrown at [./src/hotspot/share/prims/jvm.cpp, line 1306]
Event: 7.891 Thread 0x000002419d363000 Exception <a 'java/security/PrivilegedActionException'{0x000000008830e220}> (0x000000008830e220) thrown at [./src/hotspot/share/prims/jvm.cpp, line 1306]
Event: 7.891 Thread 0x000002419d363000 Exception <a 'java/security/PrivilegedActionException'{0x0000000088310e50}> (0x0000000088310e50) thrown at [./src/hotspot/share/prims/jvm.cpp, line 1306]
Event: 7.891 Thread 0x000002419d363000 Exception <a 'java/security/PrivilegedActionException'{0x0000000088312110}> (0x0000000088312110) thrown at [./src/hotspot/share/prims/jvm.cpp, line 1306]
Event: 7.891 Thread 0x000002419d363000 Exception <a 'java/security/PrivilegedActionException'{0x0000000088314d78}> (0x0000000088314d78) thrown at [./src/hotspot/share/prims/jvm.cpp, line 1306]
Event: 7.891 Thread 0x000002419d363000 Exception <a 'java/security/PrivilegedActionException'{0x0000000088316038}> (0x0000000088316038) thrown at [./src/hotspot/share/prims/jvm.cpp, line 1306]
Event: 7.891 Thread 0x000002419d363000 Exception <a 'java/security/PrivilegedActionException'{0x0000000088318cb8}> (0x0000000088318cb8) thrown at [./src/hotspot/share/prims/jvm.cpp, line 1306]
Event: 7.891 Thread 0x000002419d363000 Exception <a 'java/security/PrivilegedActionException'{0x0000000088319f78}> (0x0000000088319f78) thrown at [./src/hotspot/share/prims/jvm.cpp, line 1306]
Event: 7.891 Thread 0x000002419d363000 Exception <a 'java/security/PrivilegedActionException'{0x000000008831cdb0}> (0x000000008831cdb0) thrown at [./src/hotspot/share/prims/jvm.cpp, line 1306]
Event: 7.891 Thread 0x000002419d363000 Exception <a 'java/security/PrivilegedActionException'{0x000000008831e070}> (0x000000008831e070) thrown at [./src/hotspot/share/prims/jvm.cpp, line 1306]
Event: 7.891 Thread 0x000002419d363000 Exception <a 'java/security/PrivilegedActionException'{0x0000000088320ca0}> (0x0000000088320ca0) thrown at [./src/hotspot/share/prims/jvm.cpp, line 1306]
Event: 7.891 Thread 0x000002419d363000 Exception <a 'java/security/PrivilegedActionException'{0x0000000088321f60}> (0x0000000088321f60) thrown at [./src/hotspot/share/prims/jvm.cpp, line 1306]
Event: 7.891 Thread 0x000002419d363000 Exception <a 'java/security/PrivilegedActionException'{0x0000000088324be0}> (0x0000000088324be0) thrown at [./src/hotspot/share/prims/jvm.cpp, line 1306]
Event: 7.891 Thread 0x000002419d363000 Exception <a 'java/security/PrivilegedActionException'{0x0000000088325ea0}> (0x0000000088325ea0) thrown at [./src/hotspot/share/prims/jvm.cpp, line 1306]
Event: 7.891 Thread 0x000002419d363000 Exception <a 'java/security/PrivilegedActionException'{0x0000000088328b38}> (0x0000000088328b38) thrown at [./src/hotspot/share/prims/jvm.cpp, line 1306]
Event: 7.891 Thread 0x000002419d363000 Exception <a 'java/security/PrivilegedActionException'{0x0000000088329df8}> (0x0000000088329df8) thrown at [./src/hotspot/share/prims/jvm.cpp, line 1306]
Event: 7.891 Thread 0x000002419d363000 Exception <a 'java/security/PrivilegedActionException'{0x000000008832ca20}> (0x000000008832ca20) thrown at [./src/hotspot/share/prims/jvm.cpp, line 1306]
Event: 7.891 Thread 0x000002419d363000 Exception <a 'java/security/PrivilegedActionException'{0x000000008832dce0}> (0x000000008832dce0) thrown at [./src/hotspot/share/prims/jvm.cpp, line 1306]

Events (20 events):
Event: 7.860 loading class build_34z4xv8s3t58dffuacnpkuho8BeanInfo done
Event: 7.860 loading class build_34z4xv8s3t58dffuacnpkuho8Customizer
Event: 7.860 loading class build_34z4xv8s3t58dffuacnpkuho8Customizer done
Event: 7.860 loading class build_34z4xv8s3t58dffuacnpkuho8Customizer
Event: 7.860 loading class build_34z4xv8s3t58dffuacnpkuho8Customizer done
Event: 7.861 loading class org/gradle/api/tasks/Delete
Event: 7.861 loading class org/gradle/api/tasks/Delete done
Event: 7.861 loading class org/gradle/api/tasks/Delete
Event: 7.861 loading class org/gradle/api/tasks/Delete done
Event: 7.863 loading class groovy/runtime/metaclass/build_34z4xv8s3t58dffuacnpkuho8$_run_closure1MetaClass
Event: 7.863 loading class groovy/runtime/metaclass/build_34z4xv8s3t58dffuacnpkuho8$_run_closure1MetaClass done
Event: 7.863 loading class groovy/runtime/metaclass/org/gradle/api/internal/project/DefaultProject_DecoratedMetaClass
Event: 7.863 loading class groovy/runtime/metaclass/org/gradle/api/internal/project/DefaultProject_DecoratedMetaClass done
Event: 7.866 loading class org/gradle/api/internal/project/DefaultProject_DecoratedBeanInfo
Event: 7.866 loading class org/gradle/api/internal/project/DefaultProject_DecoratedBeanInfo done
Event: 7.867 loading class org/gradle/api/internal/project/DefaultProject_DecoratedBeanInfo
Event: 7.867 loading class org/gradle/api/internal/project/DefaultProject_DecoratedBeanInfo done
Event: 7.867 loading class org/gradle/api/internal/project/DefaultProject_DecoratedBeanInfo
Event: 7.867 loading class org/gradle/api/internal/project/DefaultProject_DecoratedBeanInfo done
Event: 7.905 Loaded shared library E:\applications\jre\bin\nio.dll


Dynamic libraries:
0x00007ff625230000 - 0x00007ff62523a000 	E:\applications\jre\bin\java.exe
0x00007ffae8890000 - 0x00007ffae8a85000 	C:\Windows\SYSTEM32\ntdll.dll
0x00007ffae7f40000 - 0x00007ffae7ffe000 	C:\Windows\System32\KERNEL32.DLL
0x00007ffae61d0000 - 0x00007ffae6498000 	C:\Windows\System32\KERNELBASE.dll
0x00007ffae66b0000 - 0x00007ffae67b0000 	C:\Windows\System32\ucrtbase.dll
0x00007ffac0dd0000 - 0x00007ffac0de7000 	E:\applications\jre\bin\VCRUNTIME140.dll
0x00007ffabd8f0000 - 0x00007ffabd909000 	E:\applications\jre\bin\jli.dll
0x00007ffae8510000 - 0x00007ffae86b0000 	C:\Windows\System32\USER32.dll
0x00007ffae68c0000 - 0x00007ffae68e2000 	C:\Windows\System32\win32u.dll
0x00007ffad4190000 - 0x00007ffad442a000 	C:\Windows\WinSxS\amd64_microsoft.windows.common-controls_6595b64144ccf1df_6.0.19041.1110_none_60b5254171f9507e\COMCTL32.dll
0x00007ffae8800000 - 0x00007ffae882b000 	C:\Windows\System32\GDI32.dll
0x00007ffae70a0000 - 0x00007ffae713e000 	C:\Windows\System32\msvcrt.dll
0x00007ffae6030000 - 0x00007ffae613b000 	C:\Windows\System32\gdi32full.dll
0x00007ffae6820000 - 0x00007ffae68bd000 	C:\Windows\System32\msvcp_win.dll
0x00007ffae76a0000 - 0x00007ffae76d0000 	C:\Windows\System32\IMM32.DLL
0x00007ffa8fd00000 - 0x00007ffa8fd9d000 	E:\applications\jre\bin\msvcp140.dll
0x00007ffa79ce0000 - 0x00007ffa7a7b5000 	E:\applications\jre\bin\server\jvm.dll
0x00007ffae7880000 - 0x00007ffae792e000 	C:\Windows\System32\ADVAPI32.dll
0x00007ffae8760000 - 0x00007ffae87fc000 	C:\Windows\System32\sechost.dll
0x00007ffae8000000 - 0x00007ffae8125000 	C:\Windows\System32\RPCRT4.dll
0x00007ffae7cc0000 - 0x00007ffae7cc8000 	C:\Windows\System32\PSAPI.DLL
0x00007ffadf0e0000 - 0x00007ffadf0ea000 	C:\Windows\SYSTEM32\VERSION.dll
0x00007ffadba00000 - 0x00007ffadba27000 	C:\Windows\SYSTEM32\WINMM.dll
0x00007ffacd190000 - 0x00007ffacd199000 	C:\Windows\SYSTEM32\WSOCK32.dll
0x00007ffae7a70000 - 0x00007ffae7adb000 	C:\Windows\System32\WS2_32.dll
0x00007ffae4850000 - 0x00007ffae4862000 	C:\Windows\SYSTEM32\kernel.appcore.dll
0x00007ffaad5c0000 - 0x00007ffaad5d1000 	E:\applications\jre\bin\verify.dll
0x00007ffae3ea0000 - 0x00007ffae4084000 	C:\Windows\SYSTEM32\DBGHELP.DLL
0x00007ffacf280000 - 0x00007ffacf2ac000 	C:\Windows\SYSTEM32\dbgcore.DLL
0x00007ffae6140000 - 0x00007ffae61c2000 	C:\Windows\System32\bcryptPrimitives.dll
0x00007ffaad490000 - 0x00007ffaad4b9000 	E:\applications\jre\bin\java.dll
0x00007ffacc7a0000 - 0x00007ffacc7ab000 	E:\applications\jre\bin\jimage.dll
0x00007ffaab2d0000 - 0x00007ffaab2e8000 	E:\applications\jre\bin\zip.dll
0x00007ffae68f0000 - 0x00007ffae7034000 	C:\Windows\System32\SHELL32.dll
0x00007ffae40a0000 - 0x00007ffae4834000 	C:\Windows\SYSTEM32\windows.storage.dll
0x00007ffae81b0000 - 0x00007ffae8504000 	C:\Windows\System32\combase.dll
0x00007ffae59a0000 - 0x00007ffae59cc000 	C:\Windows\SYSTEM32\Wldp.dll
0x00007ffae86b0000 - 0x00007ffae875d000 	C:\Windows\System32\SHCORE.dll
0x00007ffae7040000 - 0x00007ffae7095000 	C:\Windows\System32\shlwapi.dll
0x00007ffae5ef0000 - 0x00007ffae5f0f000 	C:\Windows\SYSTEM32\profapi.dll
0x00007ffaa0f60000 - 0x00007ffaa0f7a000 	E:\applications\jre\bin\net.dll
0x00007ffada4f0000 - 0x00007ffada5f9000 	C:\Windows\SYSTEM32\WINHTTP.dll
0x00007ffae56a0000 - 0x00007ffae570a000 	C:\Windows\system32\mswsock.dll
0x00007ffa9af50000 - 0x00007ffa9af64000 	E:\applications\jre\bin\nio.dll
0x00007ffac0e90000 - 0x00007ffac0eb7000 	C:\Users\prath\.gradle\native\e1d6ef7f7dcc3fd88c89a11ec53ec762bb8ba0a96d01ffa2cd45eb1d1d8dd5c5\windows-amd64\native-platform.dll
0x00007ffa87870000 - 0x00007ffa879b4000 	C:\Users\prath\.gradle\native\5664cfc778a61ccfe75a443a1ab52a65af34e5dc3c78e0209fed803814484fcb\windows-amd64\native-platform-file-events.dll
0x00007ffac4da0000 - 0x00007ffac4daa000 	E:\applications\jre\bin\management.dll
0x00007ffac4d80000 - 0x00007ffac4d8d000 	E:\applications\jre\bin\management_ext.dll
0x00007ffae58a0000 - 0x00007ffae58b8000 	C:\Windows\SYSTEM32\CRYPTSP.dll
0x00007ffae5020000 - 0x00007ffae5054000 	C:\Windows\system32\rsaenh.dll
0x00007ffae5fb0000 - 0x00007ffae5fd7000 	C:\Windows\System32\bcrypt.dll
0x00007ffae5e70000 - 0x00007ffae5e9e000 	C:\Windows\SYSTEM32\USERENV.dll
0x00007ffae5890000 - 0x00007ffae589c000 	C:\Windows\SYSTEM32\CRYPTBASE.dll
0x00007ffae5390000 - 0x00007ffae53cb000 	C:\Windows\SYSTEM32\IPHLPAPI.DLL
0x00007ffae7da0000 - 0x00007ffae7da8000 	C:\Windows\System32\NSI.dll
0x00007ffaddde0000 - 0x00007ffadddf7000 	C:\Windows\SYSTEM32\dhcpcsvc6.DLL
0x00007ffadec00000 - 0x00007ffadec1d000 	C:\Windows\SYSTEM32\dhcpcsvc.DLL
0x00007ffae53d0000 - 0x00007ffae549a000 	C:\Windows\SYSTEM32\DNSAPI.dll

dbghelp: loaded successfully - version: 4.0.5 - missing functions: none
symbol engine: initialized successfully - sym options: 0x614 - pdb path: .;E:\applications\jre\bin;C:\Windows\SYSTEM32;C:\Windows\WinSxS\amd64_microsoft.windows.common-controls_6595b64144ccf1df_6.0.19041.1110_none_60b5254171f9507e;E:\applications\jre\bin\server;C:\Users\prath\.gradle\native\e1d6ef7f7dcc3fd88c89a11ec53ec762bb8ba0a96d01ffa2cd45eb1d1d8dd5c5\windows-amd64;C:\Users\prath\.gradle\native\5664cfc778a61ccfe75a443a1ab52a65af34e5dc3c78e0209fed803814484fcb\windows-amd64

VM Arguments:
jvm_args: --add-opens=java.base/java.util=ALL-UNNAMED --add-opens=java.base/java.lang=ALL-UNNAMED --add-opens=java.base/java.lang.invoke=ALL-UNNAMED --add-opens=java.base/java.util=ALL-UNNAMED --add-opens=java.prefs/java.util.prefs=ALL-UNNAMED --add-opens=java.prefs/java.util.prefs=ALL-UNNAMED --add-opens=java.base/java.nio.charset=ALL-UNNAMED --add-opens=java.base/java.net=ALL-UNNAMED --add-opens=java.base/java.util.concurrent.atomic=ALL-UNNAMED -Xmx2048m -Dfile.encoding=UTF-8 -Duser.country=IN -Duser.language=en -Duser.variant 
java_command: org.gradle.launcher.daemon.bootstrap.GradleDaemon 7.2
java_class_path (initial): C:\Users\prath\.gradle\wrapper\dists\gradle-7.2-bin\2dnblmf4td7x66yl1d74lt32g\gradle-7.2\lib\gradle-launcher-7.2.jar
Launcher Type: SUN_STANDARD

[Global flags]
     intx CICompilerCount                          = 4                                         {product} {ergonomic}
     uint ConcGCThreads                            = 3                                         {product} {ergonomic}
     uint G1ConcRefinementThreads                  = 10                                        {product} {ergonomic}
   size_t G1HeapRegionSize                         = 1048576                                   {product} {ergonomic}
    uintx GCDrainStackTargetSize                   = 64                                        {product} {ergonomic}
   size_t InitialHeapSize                          = 123731968                                 {product} {ergonomic}
   size_t MarkStackSize                            = 4194304                                   {product} {ergonomic}
   size_t MaxHeapSize                              = 2147483648                                {product} {command line}
   size_t MaxNewSize                               = 1287651328                                {product} {ergonomic}
   size_t MinHeapDeltaBytes                        = 1048576                                   {product} {ergonomic}
    uintx NonNMethodCodeHeapSize                   = 5836300                                {pd product} {ergonomic}
    uintx NonProfiledCodeHeapSize                  = 122910970                              {pd product} {ergonomic}
    uintx ProfiledCodeHeapSize                     = 122910970                              {pd product} {ergonomic}
    uintx ReservedCodeCacheSize                    = 251658240                              {pd product} {ergonomic}
     bool SegmentedCodeCache                       = true                                      {product} {ergonomic}
     bool UseCompressedClassPointers               = true                                 {lp64_product} {ergonomic}
     bool UseCompressedOops                        = true                                 {lp64_product} {ergonomic}
     bool UseG1GC                                  = true                                      {product} {ergonomic}
     bool UseLargePagesIndividualAllocation        = false                                  {pd product} {ergonomic}

Logging:
Log output configuration:
 #0: stdout all=warning uptime,level,tags
 #1: stderr all=off uptime,level,tags

Environment Variables:
JAVA_HOME=C:\Program Files\Java\jdk-17.0.2
PATH=C:\Program Files\Common Files\Oracle\Java\javapath;C:\Program Files\Microsoft\jdk-11.0.12.7-hotspot\bin;C:\Program Files (x86)\Common Files\Intel\Shared Libraries\redist\intel64\compiler;C:\Windows\system32;C:\Windows;C:\Windows\System32\Wbem;C:\Windows\System32\WindowsPowerShell\v1.0\;C:\Windows\System32\OpenSSH\;C:\Program Files\NVIDIA Corporation\NVIDIA NvDLISR;C:\MinGW\bin;C:\Program Files (x86)\NVIDIA Corporation\PhysX\Common;C:\Program Files\Git\cmd;C:\Program Files\nodejs\;C:\Program Files\Java\jdk-17.0.2\bin;C:\Users\prath\AppData\Local\Programs\Python\Python310\Scripts\;C:\Users\prath\AppData\Local\Programs\Python\Python310\;C:\Users\prath\AppData\Local\Microsoft\WindowsApps;C:\Users\prath\AppData\Local\Programs\Microsoft VS Code\bin;C:\Users\prath\AppData\Roaming\npm;C:\Program Files\Java\jdk-17.0.2\bin;
USERNAME=prath
OS=Windows_NT
PROCESSOR_IDENTIFIER=AMD64 Family 23 Model 104 Stepping 1, AuthenticAMD



---------------  S Y S T E M  ---------------

OS: Windows 10 , 64 bit Build 19041 (10.0.19041.1566)
OS uptime: 2 days 1:10 hours

CPU:total 12 (initial active 12) (12 cores per cpu, 2 threads per core) family 23 model 104 stepping 1 microcode 0x0, cmov, cx8, fxsr, mmx, sse, sse2, sse3, ssse3, sse4.1, sse4.2, popcnt, avx, avx2, aes, clmul, mmxext, 3dnowpref, lzcnt, sse4a, ht, tsc, tscinvbit, tscinv, bmi1, bmi2, adx,

Memory: 4k page, system-wide physical 7514M (206M free)
TotalPageFile size 31066M (AvailPageFile size 3M)
current process WorkingSet (physical memory assigned to process): 245M, peak: 245M
current process commit charge ("private bytes"): 351M, peak: 351M

vm_info: OpenJDK 64-Bit Server VM (11.0.11+9-b60-7590822) for windows-amd64 JRE (11.0.11+9-b60-7590822), built on Jul 29 2021 21:43:44 by "builder" with MS VC++ 14.0 (VS2015)

END.
